
  .   ____          _            __ _ _
 /\\ / ___'_ __ _ _(_)_ __  __ _ \ \ \ \
( ( )\___ | '_ | '_| | '_ \/ _` | \ \ \ \
 \\/  ___)| |_)| | | | | || (_| |  ) ) ) )
  '  |____| .__|_| |_|_| |_\__, | / / / /
 =========|_|==============|___/=/_/_/_/
 :: Spring Boot ::                (v3.1.5)

2026-02-25 12:58:17 [main] INFO  c.e.m.MoneyMarketApplication [] - Starting MoneyMarketApplication using Java 21.0.9 with PID 4156 (C:\new_cbs3\cbs3\moneymarket\target\classes started by Administrator in C:\new_cbs3\cbs3\moneymarket)
2026-02-25 12:58:17 [main] DEBUG c.e.m.MoneyMarketApplication [] - Running with Spring Boot v3.1.5, Spring v6.0.13
2026-02-25 12:58:17 [main] INFO  c.e.m.MoneyMarketApplication [] - The following 1 profile is active: "default"
2026-02-25 12:58:21 [main] INFO  o.s.d.r.c.RepositoryConfigurationDelegate [] - Bootstrapping Spring Data JPA repositories in DEFAULT mode.
2026-02-25 12:58:21 [main] INFO  o.s.d.r.c.RepositoryConfigurationDelegate [] - Finished Spring Data repository scanning in 242 ms. Found 27 JPA repository interfaces.
2026-02-25 12:58:23 [main] INFO  o.s.b.w.e.tomcat.TomcatWebServer [] - Tomcat initialized with port(s): 8082 (http)
2026-02-25 12:58:23 [main] INFO  o.a.catalina.core.StandardService [] - Starting service [Tomcat]
2026-02-25 12:58:23 [main] INFO  o.a.catalina.core.StandardEngine [] - Starting Servlet engine: [Apache Tomcat/10.1.15]
2026-02-25 12:58:23 [main] INFO  o.a.c.c.C.[Tomcat].[localhost].[/] [] - Initializing Spring embedded WebApplicationContext
2026-02-25 12:58:23 [main] INFO  o.s.b.w.s.c.ServletWebServerApplicationContext [] - Root WebApplicationContext: initialization completed in 5730 ms
CORS Allowed Origins: [http://localhost:3000, http://localhost:4173, http://localhost:5173, http://localhost:5174, http://localhost:5175, http://localhost:5176, http://localhost:5177, http://localhost:5178, https://cbs3.vercel.app, https://moneymarket.duckdns.org]
2026-02-25 12:58:24 [main] INFO  o.f.c.i.license.VersionPrinter [] - Flyway Community Edition 9.16.3 by Redgate
2026-02-25 12:58:24 [main] INFO  o.f.c.i.license.VersionPrinter [] - See release notes here: https://rd.gt/416ObMi
2026-02-25 12:58:24 [main] INFO  o.f.c.i.license.VersionPrinter [] - 
2026-02-25 12:58:24 [main] INFO  com.zaxxer.hikari.HikariDataSource [] - HikariPool-1 - Starting...
2026-02-25 12:58:28 [main] INFO  com.zaxxer.hikari.pool.HikariPool [] - HikariPool-1 - Added connection com.mysql.cj.jdbc.ConnectionImpl@18c820d2
2026-02-25 12:58:28 [main] INFO  com.zaxxer.hikari.HikariDataSource [] - HikariPool-1 - Start completed.
2026-02-25 12:58:28 [main] INFO  o.f.c.i.d.base.BaseDatabaseType [] - Database: jdbc:mysql://127.0.0.1:3306/moneymarketdb (MySQL 8.0)
2026-02-25 12:58:28 [main] INFO  o.f.core.internal.command.DbValidate [] - Successfully validated 32 migrations (execution time 00:00.318s)
2026-02-25 12:58:28 [main] INFO  o.f.core.internal.command.DbMigrate [] - Current version of schema `moneymarketdb`: 31
2026-02-25 12:58:28 [main] INFO  o.f.core.internal.command.DbMigrate [] - Schema `moneymarketdb` is up to date. No migration necessary.
2026-02-25 12:58:29 [main] INFO  o.h.jpa.internal.util.LogHelper [] - HHH000204: Processing PersistenceUnitInfo [name: default]
2026-02-25 12:58:29 [main] INFO  org.hibernate.Version [] - HHH000412: Hibernate ORM core version 6.2.13.Final
2026-02-25 12:58:29 [main] INFO  org.hibernate.cfg.Environment [] - HHH000406: Using bytecode reflection optimizer
2026-02-25 12:58:29 [main] INFO  o.s.o.j.p.SpringPersistenceUnitInfo [] - No LoadTimeWeaver setup: ignoring JPA class transformer
2026-02-25 12:58:30 [main] WARN  org.hibernate.orm.deprecation [] - HHH90000025: MySQLDialect does not need to be specified explicitly using 'hibernate.dialect' (remove the property setting and it will be selected by default)
2026-02-25 12:58:34 [main] INFO  o.h.e.t.j.p.i.JtaPlatformInitiator [] - HHH000489: No JTA platform available (set 'hibernate.transaction.jta.platform' to enable JTA platform integration)
2026-02-25 12:58:34 [main] INFO  o.s.o.j.LocalContainerEntityManagerFactoryBean [] - Initialized JPA EntityManagerFactory for persistence unit 'default'
2026-02-25 12:58:34 [main] INFO  o.s.d.j.r.query.QueryEnhancerFactory [] - Hibernate is in classpath; If applicable, HQL parser will be used.
2026-02-25 12:58:41 [main] WARN  o.s.b.a.o.j.JpaBaseConfiguration$JpaWebConfiguration [] - spring.jpa.open-in-view is enabled by default. Therefore, database queries may be performed during view rendering. Explicitly configure spring.jpa.open-in-view to disable this warning
2026-02-25 12:58:43 [main] INFO  o.s.b.a.e.web.EndpointLinksResolver [] - Exposing 3 endpoint(s) beneath base path '/actuator'
2026-02-25 12:58:43 [main] WARN  o.s.b.w.s.c.AnnotationConfigServletWebServerApplicationContext [] - Exception encountered during context initialization - cancelling refresh attempt: org.springframework.context.ApplicationContextException: Failed to start bean 'webServerStartStop'
2026-02-25 12:58:43 [main] INFO  o.s.o.j.LocalContainerEntityManagerFactoryBean [] - Closing JPA EntityManagerFactory for persistence unit 'default'
2026-02-25 12:58:43 [main] INFO  com.zaxxer.hikari.HikariDataSource [] - HikariPool-1 - Shutdown initiated...
2026-02-25 12:58:43 [main] INFO  com.zaxxer.hikari.HikariDataSource [] - HikariPool-1 - Shutdown completed.
2026-02-25 12:58:43 [main] INFO  o.a.catalina.core.StandardService [] - Stopping service [Tomcat]
2026-02-25 12:58:43 [main] INFO  o.s.b.a.l.ConditionEvaluationReportLogger [] - 

Error starting ApplicationContext. To display the condition evaluation report re-run your application with 'debug' enabled.
2026-02-25 12:58:43 [main] ERROR o.s.b.d.LoggingFailureAnalysisReporter [] - 

***************************
APPLICATION FAILED TO START
***************************

Description:

Web server failed to start. Port 8082 was already in use.

Action:

Identify and stop the process that's listening on port 8082 or configure this application to listen on another port.

[ERROR] Failed to execute goal org.springframework.boot:spring-boot-maven-plugin:3.1.5:run (default-cli) on project moneymarket: Process terminated with exit code: 1 -> [Help 1]
[ERROR] 
[ERROR] To see the full stack trace of the errors, re-run Maven with the -e switch.
[ERROR] Re-run Maven using the -X switch to enable full debug logging.
[ERROR] 
[ERROR] For more information about the errors and possible solutions, please read the following articles:
[ERROR] [Help 1] http://cwiki.apache.org/confluence/display/MAVEN/MojoExecutionException
