
  .   ____          _            __ _ _
 /\\ / ___'_ __ _ _(_)_ __  __ _ \ \ \ \
( ( )\___ | '_ | '_| | '_ \/ _` | \ \ \ \
 \\/  ___)| |_)| | | | | || (_| |  ) ) ) )
  '  |____| .__|_| |_|_| |_\__, | / / / /
 =========|_|==============|___/=/_/_/_/
 :: Spring Boot ::                (v3.1.5)

2025-11-26 14:45:25 [main] INFO  c.e.m.MoneyMarketApplication [] - Starting MoneyMarketApplication v0.0.1-SNAPSHOT using Java 21.0.9 with PID 6240 (C:\cbs_prototype\cbs3\moneymarket\target\moneymarket-0.0.1-SNAPSHOT.jar started by Administrator in C:\cbs_prototype\cbs3\moneymarket)
2025-11-26 14:45:25 [main] DEBUG c.e.m.MoneyMarketApplication [] - Running with Spring Boot v3.1.5, Spring v6.0.13
2025-11-26 14:45:25 [main] INFO  c.e.m.MoneyMarketApplication [] - The following 1 profile is active: "default"
2025-11-26 14:45:29 [main] INFO  o.s.d.r.c.RepositoryConfigurationDelegate [] - Bootstrapping Spring Data JPA repositories in DEFAULT mode.
2025-11-26 14:45:30 [main] INFO  o.s.d.r.c.RepositoryConfigurationDelegate [] - Finished Spring Data repository scanning in 546 ms. Found 24 JPA repository interfaces.
2025-11-26 14:45:33 [main] INFO  o.s.b.w.e.tomcat.TomcatWebServer [] - Tomcat initialized with port(s): 8082 (http)
2025-11-26 14:45:33 [main] INFO  o.a.catalina.core.StandardService [] - Starting service [Tomcat]
2025-11-26 14:45:33 [main] INFO  o.a.catalina.core.StandardEngine [] - Starting Servlet engine: [Apache Tomcat/10.1.15]
2025-11-26 14:45:34 [main] INFO  o.a.c.c.C.[Tomcat].[localhost].[/] [] - Initializing Spring embedded WebApplicationContext
2025-11-26 14:45:34 [main] INFO  o.s.b.w.s.c.ServletWebServerApplicationContext [] - Root WebApplicationContext: initialization completed in 8319 ms
CORS Allowed Origins: [http://localhost:3000, http://localhost:4173, http://localhost:5173, http://localhost:5174, http://localhost:5175, http://localhost:5176, http://localhost:5177, http://localhost:5178, https://cbs3.vercel.app, https://moneymarket.duckdns.org]
2025-11-26 14:45:34 [main] INFO  o.f.c.i.license.VersionPrinter [] - Flyway Community Edition 9.16.3 by Redgate
2025-11-26 14:45:34 [main] INFO  o.f.c.i.license.VersionPrinter [] - See release notes here: https://rd.gt/416ObMi
2025-11-26 14:45:34 [main] INFO  o.f.c.i.license.VersionPrinter [] - 
2025-11-26 14:45:34 [main] INFO  com.zaxxer.hikari.HikariDataSource [] - HikariPool-1 - Starting...
2025-11-26 14:45:35 [main] INFO  com.zaxxer.hikari.pool.HikariPool [] - HikariPool-1 - Added connection com.mysql.cj.jdbc.ConnectionImpl@35342d2f
2025-11-26 14:45:35 [main] INFO  com.zaxxer.hikari.HikariDataSource [] - HikariPool-1 - Start completed.
2025-11-26 14:45:35 [main] INFO  o.f.c.i.d.base.BaseDatabaseType [] - Database: jdbc:mysql://127.0.0.1:3306/moneymarketdb (MySQL 8.0)
2025-11-26 14:45:36 [main] INFO  o.f.core.internal.command.DbValidate [] - Successfully validated 25 migrations (execution time 00:00.164s)
2025-11-26 14:45:36 [main] INFO  o.f.core.internal.command.DbMigrate [] - Current version of schema `moneymarketdb`: 24
2025-11-26 14:45:36 [main] INFO  o.f.core.internal.command.DbMigrate [] - Schema `moneymarketdb` is up to date. No migration necessary.
2025-11-26 14:45:36 [main] INFO  o.h.jpa.internal.util.LogHelper [] - HHH000204: Processing PersistenceUnitInfo [name: default]
2025-11-26 14:45:36 [main] INFO  org.hibernate.Version [] - HHH000412: Hibernate ORM core version 6.2.13.Final
2025-11-26 14:45:36 [main] INFO  org.hibernate.cfg.Environment [] - HHH000406: Using bytecode reflection optimizer
2025-11-26 14:45:38 [main] INFO  o.s.o.j.p.SpringPersistenceUnitInfo [] - No LoadTimeWeaver setup: ignoring JPA class transformer
2025-11-26 14:45:38 [main] WARN  org.hibernate.orm.deprecation [] - HHH90000025: MySQLDialect does not need to be specified explicitly using 'hibernate.dialect' (remove the property setting and it will be selected by default)
2025-11-26 14:45:42 [main] INFO  o.h.e.t.j.p.i.JtaPlatformInitiator [] - HHH000489: No JTA platform available (set 'hibernate.transaction.jta.platform' to enable JTA platform integration)
2025-11-26 14:45:42 [main] INFO  o.s.o.j.LocalContainerEntityManagerFactoryBean [] - Initialized JPA EntityManagerFactory for persistence unit 'default'
2025-11-26 14:45:43 [main] INFO  o.s.d.j.r.query.QueryEnhancerFactory [] - Hibernate is in classpath; If applicable, HQL parser will be used.
2025-11-26 14:45:50 [main] WARN  o.s.b.a.o.j.JpaBaseConfiguration$JpaWebConfiguration [] - spring.jpa.open-in-view is enabled by default. Therefore, database queries may be performed during view rendering. Explicitly configure spring.jpa.open-in-view to disable this warning
2025-11-26 14:45:52 [main] INFO  o.s.b.a.e.web.EndpointLinksResolver [] - Exposing 3 endpoint(s) beneath base path '/actuator'
2025-11-26 14:45:52 [main] INFO  o.s.b.w.e.tomcat.TomcatWebServer [] - Tomcat started on port(s): 8082 (http) with context path ''
2025-11-26 14:45:52 [main] INFO  c.e.m.MoneyMarketApplication [] - Started MoneyMarketApplication in 28.801 seconds (process running for 30.833)
2025-11-26 15:09:22 [http-nio-8082-exec-1] INFO  o.a.c.c.C.[Tomcat].[localhost].[/] [] - Initializing Spring DispatcherServlet 'dispatcherServlet'
2025-11-26 15:09:22 [http-nio-8082-exec-1] INFO  o.s.web.servlet.DispatcherServlet [] - Initializing Servlet 'dispatcherServlet'
2025-11-26 15:09:22 [http-nio-8082-exec-1] INFO  o.s.web.servlet.DispatcherServlet [] - Completed initialization in 0 ms
2025-11-26 17:18:32 [http-nio-8082-exec-8] INFO  o.a.coyote.http11.Http11Processor [] - Error parsing HTTP request header
 Note: further occurrences of HTTP request parsing errors will be logged at DEBUG level.
java.lang.IllegalArgumentException: Invalid character found in the HTTP protocol [RTSP/1.00x0d0x0a0x0d0x0a...]
	at org.apache.coyote.http11.Http11InputBuffer.parseRequestLine(Http11InputBuffer.java:558)
	at org.apache.coyote.http11.Http11Processor.service(Http11Processor.java:264)
	at org.apache.coyote.AbstractProcessorLight.process(AbstractProcessorLight.java:63)
	at org.apache.coyote.AbstractProtocol$ConnectionHandler.process(AbstractProtocol.java:896)
	at org.apache.tomcat.util.net.NioEndpoint$SocketProcessor.doRun(NioEndpoint.java:1744)
	at org.apache.tomcat.util.net.SocketProcessorBase.run(SocketProcessorBase.java:52)
	at org.apache.tomcat.util.threads.ThreadPoolExecutor.runWorker(ThreadPoolExecutor.java:1191)
	at org.apache.tomcat.util.threads.ThreadPoolExecutor$Worker.run(ThreadPoolExecutor.java:659)
	at org.apache.tomcat.util.threads.TaskThread$WrappingRunnable.run(TaskThread.java:61)
	at java.base/java.lang.Thread.run(Thread.java:1583)
2025-11-26 17:24:54 [http-nio-8082-exec-5] INFO  o.a.coyote.http11.Http11Processor [] - Error parsing HTTP request header
 Note: further occurrences of HTTP request parsing errors will be logged at DEBUG level.
java.lang.IllegalArgumentException: Invalid character found in method name [0x160x030x010x020x000x010x000x010xfc0x030x03]0xb70x850xc20x7f0x8eN"e40xff%0x98x0xd570x0a0x0d0xcf0xd9Y0x040xfe0x090xe700x1ar0xeeq0x02z ]. HTTP method names must be tokens
	at org.apache.coyote.http11.Http11InputBuffer.parseRequestLine(Http11InputBuffer.java:407)
	at org.apache.coyote.http11.Http11Processor.service(Http11Processor.java:264)
	at org.apache.coyote.AbstractProcessorLight.process(AbstractProcessorLight.java:63)
	at org.apache.coyote.AbstractProtocol$ConnectionHandler.process(AbstractProtocol.java:896)
	at org.apache.tomcat.util.net.NioEndpoint$SocketProcessor.doRun(NioEndpoint.java:1744)
	at org.apache.tomcat.util.net.SocketProcessorBase.run(SocketProcessorBase.java:52)
	at org.apache.tomcat.util.threads.ThreadPoolExecutor.runWorker(ThreadPoolExecutor.java:1191)
	at org.apache.tomcat.util.threads.ThreadPoolExecutor$Worker.run(ThreadPoolExecutor.java:659)
	at org.apache.tomcat.util.threads.TaskThread$WrappingRunnable.run(TaskThread.java:61)
	at java.base/java.lang.Thread.run(Thread.java:1583)
