
  .   ____          _            __ _ _
 /\\ / ___'_ __ _ _(_)_ __  __ _ \ \ \ \
( ( )\___ | '_ | '_| | '_ \/ _` | \ \ \ \
 \\/  ___)| |_)| | | | | || (_| |  ) ) ) )
  '  |____| .__|_| |_|_| |_\__, | / / / /
 =========|_|==============|___/=/_/_/_/
 :: Spring Boot ::                (v3.1.5)

2025-11-26 12:41:30 [main] INFO  c.e.m.MoneyMarketApplication [] - Starting MoneyMarketApplication v0.0.1-SNAPSHOT using Java 21.0.9 with PID 5252 (C:\cbs_prototype\cbs3\moneymarket\target\moneymarket-0.0.1-SNAPSHOT.jar started by Administrator in C:\cbs_prototype\cbs3\moneymarket)
2025-11-26 12:41:30 [main] DEBUG c.e.m.MoneyMarketApplication [] - Running with Spring Boot v3.1.5, Spring v6.0.13
2025-11-26 12:41:30 [main] INFO  c.e.m.MoneyMarketApplication [] - The following 1 profile is active: "default"
2025-11-26 12:41:36 [main] INFO  o.s.d.r.c.RepositoryConfigurationDelegate [] - Bootstrapping Spring Data JPA repositories in DEFAULT mode.
2025-11-26 12:41:37 [main] INFO  o.s.d.r.c.RepositoryConfigurationDelegate [] - Finished Spring Data repository scanning in 574 ms. Found 24 JPA repository interfaces.
2025-11-26 12:41:41 [main] INFO  o.s.b.w.e.tomcat.TomcatWebServer [] - Tomcat initialized with port(s): 8082 (http)
2025-11-26 12:41:41 [main] INFO  o.a.catalina.core.StandardService [] - Starting service [Tomcat]
2025-11-26 12:41:41 [main] INFO  o.a.catalina.core.StandardEngine [] - Starting Servlet engine: [Apache Tomcat/10.1.15]
2025-11-26 12:41:41 [main] INFO  o.a.c.c.C.[Tomcat].[localhost].[/] [] - Initializing Spring embedded WebApplicationContext
2025-11-26 12:41:41 [main] INFO  o.s.b.w.s.c.ServletWebServerApplicationContext [] - Root WebApplicationContext: initialization completed in 10050 ms
CORS Allowed Origins: [http://localhost:3000, http://localhost:4173, http://localhost:5173, http://localhost:5174, http://localhost:5175, http://localhost:5176, http://localhost:5177, http://localhost:5178, https://cbs3.vercel.app, https://moneymarket.duckdns.org]
2025-11-26 12:41:43 [main] INFO  o.f.c.i.license.VersionPrinter [] - Flyway Community Edition 9.16.3 by Redgate
2025-11-26 12:41:43 [main] INFO  o.f.c.i.license.VersionPrinter [] - See release notes here: https://rd.gt/416ObMi
2025-11-26 12:41:43 [main] INFO  o.f.c.i.license.VersionPrinter [] - 
2025-11-26 12:41:43 [main] INFO  com.zaxxer.hikari.HikariDataSource [] - HikariPool-1 - Starting...
2025-11-26 12:41:45 [main] INFO  com.zaxxer.hikari.pool.HikariPool [] - HikariPool-1 - Added connection com.mysql.cj.jdbc.ConnectionImpl@47ad69f7
2025-11-26 12:41:45 [main] INFO  com.zaxxer.hikari.HikariDataSource [] - HikariPool-1 - Start completed.
2025-11-26 12:41:45 [main] INFO  o.f.c.i.d.base.BaseDatabaseType [] - Database: jdbc:mysql://127.0.0.1:3306/moneymarketdb (MySQL 8.0)
2025-11-26 12:41:45 [main] INFO  o.f.core.internal.command.DbValidate [] - Successfully validated 25 migrations (execution time 00:00.109s)
2025-11-26 12:41:45 [main] INFO  o.f.core.internal.command.DbMigrate [] - Current version of schema `moneymarketdb`: 24
2025-11-26 12:41:45 [main] INFO  o.f.core.internal.command.DbMigrate [] - Schema `moneymarketdb` is up to date. No migration necessary.
2025-11-26 12:41:46 [main] INFO  o.h.jpa.internal.util.LogHelper [] - HHH000204: Processing PersistenceUnitInfo [name: default]
2025-11-26 12:41:46 [main] INFO  org.hibernate.Version [] - HHH000412: Hibernate ORM core version 6.2.13.Final
2025-11-26 12:41:46 [main] INFO  org.hibernate.cfg.Environment [] - HHH000406: Using bytecode reflection optimizer
2025-11-26 12:41:47 [main] INFO  o.s.o.j.p.SpringPersistenceUnitInfo [] - No LoadTimeWeaver setup: ignoring JPA class transformer
2025-11-26 12:41:47 [main] WARN  org.hibernate.orm.deprecation [] - HHH90000025: MySQLDialect does not need to be specified explicitly using 'hibernate.dialect' (remove the property setting and it will be selected by default)
2025-11-26 12:41:51 [main] INFO  o.h.e.t.j.p.i.JtaPlatformInitiator [] - HHH000489: No JTA platform available (set 'hibernate.transaction.jta.platform' to enable JTA platform integration)
2025-11-26 12:41:51 [main] INFO  o.s.o.j.LocalContainerEntityManagerFactoryBean [] - Initialized JPA EntityManagerFactory for persistence unit 'default'
2025-11-26 12:41:51 [main] INFO  o.s.d.j.r.query.QueryEnhancerFactory [] - Hibernate is in classpath; If applicable, HQL parser will be used.
2025-11-26 12:41:58 [main] WARN  o.s.b.a.o.j.JpaBaseConfiguration$JpaWebConfiguration [] - spring.jpa.open-in-view is enabled by default. Therefore, database queries may be performed during view rendering. Explicitly configure spring.jpa.open-in-view to disable this warning
2025-11-26 12:42:01 [main] INFO  o.s.b.a.e.web.EndpointLinksResolver [] - Exposing 3 endpoint(s) beneath base path '/actuator'
2025-11-26 12:42:01 [main] WARN  o.s.b.w.s.c.AnnotationConfigServletWebServerApplicationContext [] - Exception encountered during context initialization - cancelling refresh attempt: org.springframework.context.ApplicationContextException: Failed to start bean 'webServerStartStop'
2025-11-26 12:42:01 [main] INFO  o.s.o.j.LocalContainerEntityManagerFactoryBean [] - Closing JPA EntityManagerFactory for persistence unit 'default'
2025-11-26 12:42:01 [main] INFO  com.zaxxer.hikari.HikariDataSource [] - HikariPool-1 - Shutdown initiated...
2025-11-26 12:42:01 [main] INFO  com.zaxxer.hikari.HikariDataSource [] - HikariPool-1 - Shutdown completed.
2025-11-26 12:42:01 [main] INFO  o.a.catalina.core.StandardService [] - Stopping service [Tomcat]
2025-11-26 12:42:01 [main] INFO  o.s.b.a.l.ConditionEvaluationReportLogger [] - 

Error starting ApplicationContext. To display the condition evaluation report re-run your application with 'debug' enabled.
2025-11-26 12:42:01 [main] ERROR o.s.b.d.LoggingFailureAnalysisReporter [] - 

***************************
APPLICATION FAILED TO START
***************************

Description:

Web server failed to start. Port 8082 was already in use.

Action:

Identify and stop the process that's listening on port 8082 or configure this application to listen on another port.

