[INFO] Scanning for projects...
[INFO] 
[INFO] ----------------------< com.example:moneymarket >-----------------------
[INFO] Building Money Market Module 0.0.1-SNAPSHOT
[INFO]   from pom.xml
[INFO] --------------------------------[ jar ]---------------------------------
[INFO] 
[INFO] >>> spring-boot:3.1.5:run (default-cli) > test-compile @ moneymarket >>>
[INFO] 
[INFO] --- resources:3.3.1:resources (default-resources) @ moneymarket ---
[INFO] Copying 3 resources from src\main\resources to target\classes
[INFO] Copying 12 resources from src\main\resources to target\classes
[INFO] 
[INFO] --- compiler:3.11.0:compile (default-compile) @ moneymarket ---
[INFO] Changes detected - recompiling the module! :source
[INFO] Compiling 127 source files with javac [debug deprecation release 17] to target\classes
[INFO] Annotation processing is enabled because one or more processors were found
  on the class path. A future release of javac may disable annotation processing
  unless at least one processor is specified by name (-processor), or a search
  path is specified (--processor-path, --processor-module-path), or annotation
  processing is enabled explicitly (-proc:only, -proc:full).
  Use -Xlint:-options to suppress this message.
  Use -proc:none to disable annotation processing.
[INFO] 
[INFO] --- resources:3.3.1:testResources (default-testResources) @ moneymarket ---
[INFO] Copying 1 resource from src\test\resources to target\test-classes
[INFO] 
[INFO] --- compiler:3.11.0:testCompile (default-testCompile) @ moneymarket ---
[INFO] Changes detected - recompiling the module! :dependency
[INFO] Compiling 11 source files with javac [debug deprecation release 17] to target\test-classes
[INFO] Annotation processing is enabled because one or more processors were found
  on the class path. A future release of javac may disable annotation processing
  unless at least one processor is specified by name (-processor), or a search
  path is specified (--processor-path, --processor-module-path), or annotation
  processing is enabled explicitly (-proc:only, -proc:full).
  Use -Xlint:-options to suppress this message.
  Use -proc:none to disable annotation processing.
[INFO] 
[INFO] <<< spring-boot:3.1.5:run (default-cli) < test-compile @ moneymarket <<<
[INFO] 
[INFO] 
[INFO] --- spring-boot:3.1.5:run (default-cli) @ moneymarket ---
[INFO] Attaching agents: []

  .   ____          _            __ _ _
 /\\ / ___'_ __ _ _(_)_ __  __ _ \ \ \ \
( ( )\___ | '_ | '_| | '_ \/ _` | \ \ \ \
 \\/  ___)| |_)| | | | | || (_| |  ) ) ) )
  '  |____| .__|_| |_|_| |_\__, | / / / /
 =========|_|==============|___/=/_/_/_/
 :: Spring Boot ::                (v3.1.5)

2025-11-10 11:45:12 [main] INFO  c.e.m.MoneyMarketApplication [] - Starting MoneyMarketApplication using Java 21.0.9 with PID 4576 (C:\cbs_prototype\cbs3\moneymarket\target\classes started by Administrator in C:\cbs_prototype\cbs3\moneymarket)
2025-11-10 11:45:12 [main] DEBUG c.e.m.MoneyMarketApplication [] - Running with Spring Boot v3.1.5, Spring v6.0.13
2025-11-10 11:45:12 [main] INFO  c.e.m.MoneyMarketApplication [] - The following 1 profile is active: "default"
2025-11-10 11:45:14 [main] INFO  o.s.d.r.c.RepositoryConfigurationDelegate [] - Bootstrapping Spring Data JPA repositories in DEFAULT mode.
2025-11-10 11:45:15 [main] INFO  o.s.d.r.c.RepositoryConfigurationDelegate [] - Finished Spring Data repository scanning in 298 ms. Found 19 JPA repository interfaces.
2025-11-10 11:45:16 [main] INFO  o.s.b.w.e.tomcat.TomcatWebServer [] - Tomcat initialized with port(s): 8082 (http)
2025-11-10 11:45:16 [main] INFO  o.a.catalina.core.StandardService [] - Starting service [Tomcat]
2025-11-10 11:45:16 [main] INFO  o.a.catalina.core.StandardEngine [] - Starting Servlet engine: [Apache Tomcat/10.1.15]
2025-11-10 11:45:17 [main] INFO  o.a.c.c.C.[Tomcat].[localhost].[/] [] - Initializing Spring embedded WebApplicationContext
2025-11-10 11:45:17 [main] INFO  o.s.b.w.s.c.ServletWebServerApplicationContext [] - Root WebApplicationContext: initialization completed in 4665 ms
CORS Allowed Origins: [http://localhost:3000, http://localhost:4173, http://localhost:5173, http://localhost:5174, http://localhost:5175, http://localhost:5176, http://localhost:5177, http://localhost:5178, https://cbs3.vercel.app, https://moneymarket.duckdns.org]
2025-11-10 11:45:17 [main] INFO  o.f.c.i.license.VersionPrinter [] - Flyway Community Edition 9.16.3 by Redgate
2025-11-10 11:45:17 [main] INFO  o.f.c.i.license.VersionPrinter [] - See release notes here: https://rd.gt/416ObMi
2025-11-10 11:45:17 [main] INFO  o.f.c.i.license.VersionPrinter [] - 
2025-11-10 11:45:17 [main] INFO  com.zaxxer.hikari.HikariDataSource [] - HikariPool-1 - Starting...
2025-11-10 11:45:18 [main] INFO  com.zaxxer.hikari.pool.HikariPool [] - HikariPool-1 - Added connection com.mysql.cj.jdbc.ConnectionImpl@205159dc
2025-11-10 11:45:18 [main] INFO  com.zaxxer.hikari.HikariDataSource [] - HikariPool-1 - Start completed.
2025-11-10 11:45:18 [main] INFO  o.f.c.i.d.base.BaseDatabaseType [] - Database: jdbc:mysql://127.0.0.1:3306/moneymarketdb (MySQL 8.0)
2025-11-10 11:45:18 [main] INFO  o.f.core.internal.command.DbValidate [] - Successfully validated 13 migrations (execution time 00:00.051s)
2025-11-10 11:45:18 [main] INFO  o.f.core.internal.command.DbMigrate [] - Current version of schema `moneymarketdb`: 12
2025-11-10 11:45:18 [main] INFO  o.f.core.internal.command.DbMigrate [] - Schema `moneymarketdb` is up to date. No migration necessary.
2025-11-10 11:45:18 [main] INFO  o.h.jpa.internal.util.LogHelper [] - HHH000204: Processing PersistenceUnitInfo [name: default]
2025-11-10 11:45:19 [main] INFO  org.hibernate.Version [] - HHH000412: Hibernate ORM core version 6.2.13.Final
2025-11-10 11:45:19 [main] INFO  org.hibernate.cfg.Environment [] - HHH000406: Using bytecode reflection optimizer
2025-11-10 11:45:19 [main] INFO  o.s.o.j.p.SpringPersistenceUnitInfo [] - No LoadTimeWeaver setup: ignoring JPA class transformer
2025-11-10 11:45:19 [main] WARN  org.hibernate.orm.deprecation [] - HHH90000025: MySQLDialect does not need to be specified explicitly using 'hibernate.dialect' (remove the property setting and it will be selected by default)
2025-11-10 11:45:23 [main] INFO  o.h.e.t.j.p.i.JtaPlatformInitiator [] - HHH000489: No JTA platform available (set 'hibernate.transaction.jta.platform' to enable JTA platform integration)
2025-11-10 11:45:23 [main] INFO  o.s.o.j.LocalContainerEntityManagerFactoryBean [] - Initialized JPA EntityManagerFactory for persistence unit 'default'
2025-11-10 11:45:23 [main] INFO  o.s.d.j.r.query.QueryEnhancerFactory [] - Hibernate is in classpath; If applicable, HQL parser will be used.
2025-11-10 11:45:28 [main] WARN  o.s.b.a.o.j.JpaBaseConfiguration$JpaWebConfiguration [] - spring.jpa.open-in-view is enabled by default. Therefore, database queries may be performed during view rendering. Explicitly configure spring.jpa.open-in-view to disable this warning
2025-11-10 11:45:29 [main] INFO  o.s.b.a.e.web.EndpointLinksResolver [] - Exposing 3 endpoint(s) beneath base path '/actuator'
2025-11-10 11:45:30 [main] INFO  o.s.b.w.e.tomcat.TomcatWebServer [] - Tomcat started on port(s): 8082 (http) with context path ''
2025-11-10 11:45:30 [main] INFO  c.e.m.MoneyMarketApplication [] - Started MoneyMarketApplication in 18.791 seconds (process running for 20.027)
2025-11-10 11:46:21 [http-nio-8082-exec-1] INFO  o.a.c.c.C.[Tomcat].[localhost].[/] [] - Initializing Spring DispatcherServlet 'dispatcherServlet'
2025-11-10 11:46:21 [http-nio-8082-exec-1] INFO  o.s.web.servlet.DispatcherServlet [] - Initializing Servlet 'dispatcherServlet'
2025-11-10 11:46:21 [http-nio-8082-exec-1] INFO  o.s.web.servlet.DispatcherServlet [] - Completed initialization in 2 ms
